c:\users\martin\documents\visual studio 2015\projects\elasticobjects\elasticobjects\debug\vc140.pdb
c:\users\martin\documents\visual studio 2015\projects\elasticobjects\elasticobjects\debug\vc140.idb
c:\users\martin\documents\visual studio 2015\projects\elasticobjects\elasticobjects\debug\camera.obj
c:\users\martin\documents\visual studio 2015\projects\elasticobjects\elasticobjects\debug\display.obj
c:\users\martin\documents\visual studio 2015\projects\elasticobjects\elasticobjects\debug\main.obj
c:\users\martin\documents\visual studio 2015\projects\elasticobjects\elasticobjects\debug\mesh.obj
c:\users\martin\documents\visual studio 2015\projects\elasticobjects\elasticobjects\debug\shader.obj
c:\users\martin\documents\visual studio 2015\projects\elasticobjects\elasticobjects\debug\texture.obj
c:\users\martin\documents\visual studio 2015\projects\elasticobjects\elasticobjects\debug\transform.obj
c:\users\martin\documents\visual studio 2015\projects\elasticobjects\elasticobjects\debug\stb_image.obj
c:\users\martin\documents\visual studio 2015\projects\elasticobjects\debug\elasticobjects.ilk
c:\users\martin\documents\visual studio 2015\projects\elasticobjects\debug\elasticobjects.exe
c:\users\martin\documents\visual studio 2015\projects\elasticobjects\debug\elasticobjects.pdb
c:\users\martin\documents\visual studio 2015\projects\elasticobjects\elasticobjects\debug\mesh.obj.enc
c:\users\martin\documents\visual studio 2015\projects\elasticobjects\elasticobjects\debug\shader.obj.enc
c:\users\martin\documents\visual studio 2015\projects\elasticobjects\elasticobjects\debug\elasticobjects.tlog\cl.command.1.tlog
c:\users\martin\documents\visual studio 2015\projects\elasticobjects\elasticobjects\debug\elasticobjects.tlog\cl.read.1.tlog
c:\users\martin\documents\visual studio 2015\projects\elasticobjects\elasticobjects\debug\elasticobjects.tlog\cl.write.1.tlog
c:\users\martin\documents\visual studio 2015\projects\elasticobjects\elasticobjects\debug\elasticobjects.tlog\link.command.1.tlog
c:\users\martin\documents\visual studio 2015\projects\elasticobjects\elasticobjects\debug\elasticobjects.tlog\link.read.1.tlog
c:\users\martin\documents\visual studio 2015\projects\elasticobjects\elasticobjects\debug\elasticobjects.tlog\link.write.1.tlog
